<?xml version="1.0" encoding="UTF-8" ?>
<testsuite errors="0" failures="1" hostname="User" name="math.MathOperationsTest" skipped="0" tests="7" time="1.39" timestamp="2018-04-28T18:21:26">
  <properties>
[...]
</properties>
  <testcase classname="math.MathOperationsTest" name="testAbsolute" time="0.374" />
  <testcase classname="math.MathOperationsTest" name="testAdd" time="0.019" />
  <testcase classname="math.MathOperationsTest" name="testSubtract" time="0.017" />
  <testcase classname="math.MathOperationsTest" name="testDivide" time="0.017" />
  <testcase classname="math.MathOperationsTest" name="testMultiply" time="0.008" />
  <testcase classname="math.MathOperationsTest" name="testModulo" time="0.074">
    <failure message="expected:&lt;2&gt; but was:&lt;0&gt;" type="junit.framework.AssertionFailedError">junit.framework.AssertionFailedError: expected:&lt;2&gt; but was:&lt;0&gt;
	at math.MathOperationsTest.__CLR4_2_0rbytjl1x(MathOperationsTest.java:58)
	at math.MathOperationsTest.testModulo(MathOperationsTest.java:57)
</failure>
  </testcase>
  <testcase classname="math.MathOperationsTest" name="testNegate" time="0.012" />
  <system-out><![CDATA[10
5
]]></system-out>
  <system-err><![CDATA[]]></system-err>
</testsuite>
